<?xml version="1.0" encoding="UTF-8"?>
<coverage generated="1723513713">
  <project timestamp="1723513713">
    <package name="App\Exceptions">
      <file name="/srv/another/vacation_plan/app/Exceptions/HolidayNotFoundException.php">
        <class name="App\Exceptions\HolidayNotFoundException" namespace="App\Exceptions">
          <metrics complexity="0" methods="0" coveredmethods="0" conditionals="0" coveredconditionals="0" statements="0" coveredstatements="0" elements="0" coveredelements="0"/>
        </class>
        <metrics loc="10" ncloc="10" classes="0" methods="0" coveredmethods="0" conditionals="0" coveredconditionals="0" statements="0" coveredstatements="0" elements="0" coveredelements="0"/>
      </file>
    </package>
    <package name="App\Http\Controllers">
      <file name="/srv/another/vacation_plan/app/Http/Controllers/Controller.php">
        <class name="App\Http\Controllers\Controller" namespace="App\Http\Controllers">
          <metrics complexity="0" methods="0" coveredmethods="0" conditionals="0" coveredconditionals="0" statements="0" coveredstatements="0" elements="0" coveredelements="0"/>
        </class>
        <metrics loc="35" ncloc="10" classes="0" methods="0" coveredmethods="0" conditionals="0" coveredconditionals="0" statements="0" coveredstatements="0" elements="0" coveredelements="0"/>
      </file>
      <file name="/srv/another/vacation_plan/app/Http/Controllers/HolidayPlanController.php">
        <class name="App\Http\Controllers\HolidayPlanController" namespace="App\Http\Controllers">
          <metrics complexity="10" methods="6" coveredmethods="6" conditionals="0" coveredconditionals="0" statements="15" coveredstatements="15" elements="21" coveredelements="21"/>
        </class>
        <line num="24" type="method" name="__construct" visibility="public" complexity="1" crap="1" count="10"/>
        <line num="26" type="stmt" count="10"/>
        <line num="60" type="method" name="storeHoliday" visibility="public" complexity="2" crap="2" count="1"/>
        <line num="62" type="stmt" count="1"/>
        <line num="64" type="stmt" count="1"/>
        <line num="65" type="stmt" count="1"/>
        <line num="104" type="method" name="updateHoliday" visibility="public" complexity="2" crap="2" count="1"/>
        <line num="106" type="stmt" count="1"/>
        <line num="108" type="stmt" count="1"/>
        <line num="109" type="stmt" count="1"/>
        <line num="136" type="method" name="deleteHoliday" visibility="public" complexity="2" crap="2" count="2"/>
        <line num="139" type="stmt" count="2"/>
        <line num="140" type="stmt" count="1"/>
        <line num="141" type="stmt" count="1"/>
        <line num="142" type="stmt" count="1"/>
        <line num="205" type="method" name="listFiltered" visibility="public" complexity="1" crap="1" count="2"/>
        <line num="207" type="stmt" count="2"/>
        <line num="248" type="method" name="getVerboseById" visibility="public" complexity="2" crap="2" count="2"/>
        <line num="251" type="stmt" count="2"/>
        <line num="252" type="stmt" count="1"/>
        <line num="253" type="stmt" count="1"/>
        <metrics loc="259" ncloc="62" classes="1" methods="6" coveredmethods="6" conditionals="0" coveredconditionals="0" statements="15" coveredstatements="15" elements="21" coveredelements="21"/>
      </file>
      <file name="/srv/another/vacation_plan/app/Http/Controllers/LoginController.php">
        <class name="App\Http\Controllers\LoginController" namespace="App\Http\Controllers">
          <metrics complexity="3" methods="2" coveredmethods="2" conditionals="0" coveredconditionals="0" statements="4" coveredstatements="4" elements="6" coveredelements="6"/>
        </class>
        <line num="13" type="method" name="__construct" visibility="public" complexity="1" crap="1" count="2"/>
        <line num="15" type="stmt" count="2"/>
        <line num="38" type="method" name="doLogin" visibility="public" complexity="2" crap="2" count="2"/>
        <line num="40" type="stmt" count="2"/>
        <line num="42" type="stmt" count="2"/>
        <line num="43" type="stmt" count="2"/>
        <metrics loc="47" ncloc="27" classes="1" methods="2" coveredmethods="2" conditionals="0" coveredconditionals="0" statements="4" coveredstatements="4" elements="6" coveredelements="6"/>
      </file>
      <file name="/srv/another/vacation_plan/app/Http/Controllers/ReportController.php">
        <class name="App\Http\Controllers\ReportController" namespace="App\Http\Controllers">
          <metrics complexity="2" methods="2" coveredmethods="0" conditionals="0" coveredconditionals="0" statements="14" coveredstatements="0" elements="16" coveredelements="0"/>
        </class>
        <line num="13" type="method" name="__construct" visibility="public" complexity="1" crap="2" count="0"/>
        <line num="15" type="stmt" count="0"/>
        <line num="43" type="method" name="generateReportById" visibility="public" complexity="1" crap="2" count="0"/>
        <line num="45" type="stmt" count="0"/>
        <line num="47" type="stmt" count="0"/>
        <line num="48" type="stmt" count="0"/>
        <line num="49" type="stmt" count="0"/>
        <line num="50" type="stmt" count="0"/>
        <line num="51" type="stmt" count="0"/>
        <line num="52" type="stmt" count="0"/>
        <line num="53" type="stmt" count="0"/>
        <line num="55" type="stmt" count="0"/>
        <line num="56" type="stmt" count="0"/>
        <line num="58" type="stmt" count="0"/>
        <line num="60" type="stmt" count="0"/>
        <line num="62" type="stmt" count="0"/>
        <metrics loc="65" ncloc="40" classes="1" methods="2" coveredmethods="0" conditionals="0" coveredconditionals="0" statements="14" coveredstatements="0" elements="16" coveredelements="0"/>
      </file>
    </package>
    <package name="App\Http\Requests">
      <file name="/srv/another/vacation_plan/app/Http/Requests/LoginFormRequest.php">
        <class name="App\Http\Requests\LoginFormRequest" namespace="App\Http\Requests">
          <metrics complexity="4" methods="4" coveredmethods="3" conditionals="0" coveredconditionals="0" statements="15" coveredstatements="11" elements="19" coveredelements="14"/>
        </class>
        <line num="12" type="method" name="authorize" visibility="public" complexity="1" crap="1" count="2"/>
        <line num="14" type="stmt" count="2"/>
        <line num="17" type="method" name="rules" visibility="public" complexity="1" crap="1" count="2"/>
        <line num="19" type="stmt" count="2"/>
        <line num="20" type="stmt" count="2"/>
        <line num="21" type="stmt" count="2"/>
        <line num="22" type="stmt" count="2"/>
        <line num="25" type="method" name="messages" visibility="public" complexity="1" crap="1" count="2"/>
        <line num="27" type="stmt" count="2"/>
        <line num="28" type="stmt" count="2"/>
        <line num="29" type="stmt" count="2"/>
        <line num="30" type="stmt" count="2"/>
        <line num="31" type="stmt" count="2"/>
        <line num="32" type="stmt" count="2"/>
        <line num="35" type="method" name="failedValidation" visibility="public" complexity="1" crap="2" count="0"/>
        <line num="37" type="stmt" count="0"/>
        <line num="38" type="stmt" count="0"/>
        <line num="39" type="stmt" count="0"/>
        <line num="40" type="stmt" count="0"/>
        <metrics loc="44" ncloc="44" classes="1" methods="4" coveredmethods="3" conditionals="0" coveredconditionals="0" statements="15" coveredstatements="11" elements="19" coveredelements="14"/>
      </file>
      <file name="/srv/another/vacation_plan/app/Http/Requests/StoreHolidayFormRequest.php">
        <class name="App\Http\Requests\StoreHolidayFormRequest" namespace="App\Http\Requests">
          <metrics complexity="4" methods="4" coveredmethods="4" conditionals="0" coveredconditionals="0" statements="30" coveredstatements="30" elements="34" coveredelements="34"/>
        </class>
        <line num="15" type="method" name="authorize" visibility="public" complexity="1" crap="1" count="2"/>
        <line num="17" type="stmt" count="2"/>
        <line num="20" type="method" name="rules" visibility="public" complexity="1" crap="1" count="2"/>
        <line num="22" type="stmt" count="2"/>
        <line num="23" type="stmt" count="2"/>
        <line num="24" type="stmt" count="2"/>
        <line num="25" type="stmt" count="2"/>
        <line num="26" type="stmt" count="2"/>
        <line num="28" type="stmt" count="2"/>
        <line num="29" type="stmt" count="2"/>
        <line num="30" type="stmt" count="2"/>
        <line num="31" type="stmt" count="2"/>
        <line num="34" type="method" name="messages" visibility="public" complexity="1" crap="1" count="2"/>
        <line num="36" type="stmt" count="2"/>
        <line num="37" type="stmt" count="2"/>
        <line num="38" type="stmt" count="2"/>
        <line num="39" type="stmt" count="2"/>
        <line num="40" type="stmt" count="2"/>
        <line num="41" type="stmt" count="2"/>
        <line num="42" type="stmt" count="2"/>
        <line num="43" type="stmt" count="2"/>
        <line num="44" type="stmt" count="2"/>
        <line num="45" type="stmt" count="2"/>
        <line num="46" type="stmt" count="2"/>
        <line num="47" type="stmt" count="2"/>
        <line num="48" type="stmt" count="2"/>
        <line num="49" type="stmt" count="2"/>
        <line num="50" type="stmt" count="2"/>
        <line num="51" type="stmt" count="2"/>
        <line num="54" type="stmt" count="2"/>
        <line num="57" type="method" name="failedValidation" visibility="public" complexity="1" crap="1" count="1"/>
        <line num="59" type="stmt" count="1"/>
        <line num="60" type="stmt" count="1"/>
        <line num="61" type="stmt" count="1"/>
        <metrics loc="65" ncloc="65" classes="1" methods="4" coveredmethods="4" conditionals="0" coveredconditionals="0" statements="30" coveredstatements="30" elements="34" coveredelements="34"/>
      </file>
      <file name="/srv/another/vacation_plan/app/Http/Requests/UpdateHolidayFormRequest.php">
        <class name="App\Http\Requests\UpdateHolidayFormRequest" namespace="App\Http\Requests">
          <metrics complexity="4" methods="4" coveredmethods="4" conditionals="0" coveredconditionals="0" statements="30" coveredstatements="30" elements="34" coveredelements="34"/>
        </class>
        <line num="15" type="method" name="authorize" visibility="public" complexity="1" crap="1" count="2"/>
        <line num="17" type="stmt" count="2"/>
        <line num="20" type="method" name="rules" visibility="public" complexity="1" crap="1" count="2"/>
        <line num="22" type="stmt" count="2"/>
        <line num="23" type="stmt" count="2"/>
        <line num="24" type="stmt" count="2"/>
        <line num="25" type="stmt" count="2"/>
        <line num="26" type="stmt" count="2"/>
        <line num="28" type="stmt" count="2"/>
        <line num="29" type="stmt" count="2"/>
        <line num="30" type="stmt" count="2"/>
        <line num="31" type="stmt" count="2"/>
        <line num="34" type="method" name="messages" visibility="public" complexity="1" crap="1" count="2"/>
        <line num="36" type="stmt" count="2"/>
        <line num="37" type="stmt" count="2"/>
        <line num="38" type="stmt" count="2"/>
        <line num="39" type="stmt" count="2"/>
        <line num="40" type="stmt" count="2"/>
        <line num="41" type="stmt" count="2"/>
        <line num="42" type="stmt" count="2"/>
        <line num="43" type="stmt" count="2"/>
        <line num="44" type="stmt" count="2"/>
        <line num="45" type="stmt" count="2"/>
        <line num="46" type="stmt" count="2"/>
        <line num="47" type="stmt" count="2"/>
        <line num="48" type="stmt" count="2"/>
        <line num="49" type="stmt" count="2"/>
        <line num="50" type="stmt" count="2"/>
        <line num="51" type="stmt" count="2"/>
        <line num="54" type="stmt" count="2"/>
        <line num="57" type="method" name="failedValidation" visibility="public" complexity="1" crap="1" count="1"/>
        <line num="59" type="stmt" count="1"/>
        <line num="60" type="stmt" count="1"/>
        <line num="61" type="stmt" count="1"/>
        <metrics loc="65" ncloc="65" classes="1" methods="4" coveredmethods="4" conditionals="0" coveredconditionals="0" statements="30" coveredstatements="30" elements="34" coveredelements="34"/>
      </file>
    </package>
    <file name="/srv/another/vacation_plan/app/Interfaces/HolidayPlanInterface.php">
      <metrics loc="10" ncloc="10" classes="0" methods="0" coveredmethods="0" conditionals="0" coveredconditionals="0" statements="0" coveredstatements="0" elements="0" coveredelements="0"/>
    </file>
    <file name="/srv/another/vacation_plan/app/Interfaces/UserInterface.php">
      <metrics loc="10" ncloc="10" classes="0" methods="0" coveredmethods="0" conditionals="0" coveredconditionals="0" statements="0" coveredstatements="0" elements="0" coveredelements="0"/>
    </file>
    <package name="App\Models">
      <file name="/srv/another/vacation_plan/app/Models/Holiday.php">
        <class name="App\Models\Holiday" namespace="App\Models">
          <metrics complexity="1" methods="1" coveredmethods="1" conditionals="0" coveredconditionals="0" statements="3" coveredstatements="3" elements="4" coveredelements="4"/>
        </class>
        <line num="26" type="method" name="participants" visibility="public" complexity="1" crap="1" count="9"/>
        <line num="28" type="stmt" count="9"/>
        <line num="29" type="stmt" count="9"/>
        <line num="30" type="stmt" count="9"/>
        <metrics loc="33" ncloc="33" classes="1" methods="1" coveredmethods="1" conditionals="0" coveredconditionals="0" statements="3" coveredstatements="3" elements="4" coveredelements="4"/>
      </file>
      <file name="/srv/another/vacation_plan/app/Models/HolidayParticipant.php">
        <class name="App\Models\HolidayParticipant" namespace="App\Models">
          <metrics complexity="0" methods="0" coveredmethods="0" conditionals="0" coveredconditionals="0" statements="0" coveredstatements="0" elements="0" coveredelements="0"/>
        </class>
        <metrics loc="16" ncloc="16" classes="0" methods="0" coveredmethods="0" conditionals="0" coveredconditionals="0" statements="0" coveredstatements="0" elements="0" coveredelements="0"/>
      </file>
      <file name="/srv/another/vacation_plan/app/Models/Participant.php">
        <class name="App\Models\Participant" namespace="App\Models">
          <metrics complexity="1" methods="1" coveredmethods="0" conditionals="0" coveredconditionals="0" statements="3" coveredstatements="0" elements="4" coveredelements="0"/>
        </class>
        <line num="23" type="method" name="holidays" visibility="public" complexity="1" crap="2" count="0"/>
        <line num="25" type="stmt" count="0"/>
        <line num="26" type="stmt" count="0"/>
        <line num="27" type="stmt" count="0"/>
        <metrics loc="30" ncloc="30" classes="1" methods="1" coveredmethods="0" conditionals="0" coveredconditionals="0" statements="3" coveredstatements="0" elements="4" coveredelements="0"/>
      </file>
      <file name="/srv/another/vacation_plan/app/Models/User.php">
        <class name="App\Models\User" namespace="App\Models">
          <metrics complexity="1" methods="1" coveredmethods="1" conditionals="0" coveredconditionals="0" statements="4" coveredstatements="4" elements="5" coveredelements="5"/>
        </class>
        <line num="46" type="method" name="casts" visibility="protected" complexity="1" crap="1" count="18"/>
        <line num="48" type="stmt" count="18"/>
        <line num="49" type="stmt" count="18"/>
        <line num="50" type="stmt" count="18"/>
        <line num="51" type="stmt" count="18"/>
        <metrics loc="55" ncloc="39" classes="1" methods="1" coveredmethods="1" conditionals="0" coveredconditionals="0" statements="4" coveredstatements="4" elements="5" coveredelements="5"/>
      </file>
    </package>
    <package name="App\Providers">
      <file name="/srv/another/vacation_plan/app/Providers/AppServiceProvider.php">
        <class name="App\Providers\AppServiceProvider" namespace="App\Providers">
          <metrics complexity="2" methods="2" coveredmethods="2" conditionals="0" coveredconditionals="0" statements="2" coveredstatements="2" elements="4" coveredelements="4"/>
        </class>
        <line num="16" type="method" name="register" visibility="public" complexity="1" crap="1" count="18"/>
        <line num="19" type="stmt" count="18"/>
        <line num="24" type="method" name="boot" visibility="public" complexity="1" crap="1" count="18"/>
        <line num="27" type="stmt" count="18"/>
        <metrics loc="29" ncloc="22" classes="1" methods="2" coveredmethods="2" conditionals="0" coveredconditionals="0" statements="2" coveredstatements="2" elements="4" coveredelements="4"/>
      </file>
      <file name="/srv/another/vacation_plan/app/Providers/RepositoryBindProvider.php">
        <class name="App\Providers\RepositoryBindProvider" namespace="App\Providers">
          <metrics complexity="2" methods="2" coveredmethods="2" conditionals="0" coveredconditionals="0" statements="3" coveredstatements="3" elements="5" coveredelements="5"/>
        </class>
        <line num="12" type="method" name="register" visibility="public" complexity="1" crap="1" count="18"/>
        <line num="14" type="stmt" count="18"/>
        <line num="15" type="stmt" count="18"/>
        <line num="21" type="method" name="boot" visibility="public" complexity="1" crap="1" count="18"/>
        <line num="24" type="stmt" count="18"/>
        <metrics loc="26" ncloc="19" classes="1" methods="2" coveredmethods="2" conditionals="0" coveredconditionals="0" statements="3" coveredstatements="3" elements="5" coveredelements="5"/>
      </file>
    </package>
    <package name="App\Repositories">
      <file name="/srv/another/vacation_plan/app/Repositories/HolidayPlanRepository.php">
        <class name="App\Repositories\HolidayPlanRepository" namespace="App\Repositories">
          <metrics complexity="13" methods="7" coveredmethods="6" conditionals="0" coveredconditionals="0" statements="44" coveredstatements="39" elements="51" coveredelements="45"/>
        </class>
        <line num="13" type="method" name="searchAndPaginate" visibility="public" complexity="1" crap="1" count="3"/>
        <line num="15" type="stmt" count="3"/>
        <line num="16" type="stmt" count="3"/>
        <line num="19" type="method" name="getVerboseById" visibility="public" complexity="1" crap="1" count="8"/>
        <line num="21" type="stmt" count="8"/>
        <line num="22" type="stmt" count="8"/>
        <line num="24" type="method" name="delete" visibility="public" complexity="1" crap="1" count="2"/>
        <line num="26" type="stmt" count="2"/>
        <line num="27" type="stmt" count="2"/>
        <line num="28" type="stmt" count="2"/>
        <line num="31" type="method" name="filterBuildData" visibility="public" complexity="4" crap="4.19" count="11"/>
        <line num="33" type="stmt" count="11"/>
        <line num="34" type="stmt" count="6"/>
        <line num="35" type="stmt" count="0"/>
        <line num="36" type="stmt" count="6"/>
        <line num="37" type="stmt" count="0"/>
        <line num="38" type="stmt" count="6"/>
        <line num="39" type="stmt" count="11"/>
        <line num="40" type="stmt" count="11"/>
        <line num="41" type="stmt" count="1"/>
        <line num="42" type="stmt" count="11"/>
        <line num="43" type="stmt" count="11"/>
        <line num="44" type="stmt" count="0"/>
        <line num="45" type="stmt" count="11"/>
        <line num="46" type="stmt" count="11"/>
        <line num="47" type="stmt" count="0"/>
        <line num="48" type="stmt" count="11"/>
        <line num="49" type="stmt" count="11"/>
        <line num="50" type="stmt" count="0"/>
        <line num="51" type="stmt" count="11"/>
        <line num="52" type="stmt" count="11"/>
        <line num="53" type="stmt" count="8"/>
        <line num="54" type="stmt" count="11"/>
        <line num="57" type="method" name="create" visibility="public" complexity="1" crap="1" count="2"/>
        <line num="59" type="stmt" count="2"/>
        <line num="61" type="stmt" count="2"/>
        <line num="63" type="stmt" count="2"/>
        <line num="66" type="method" name="update" visibility="public" complexity="1" crap="1" count="1"/>
        <line num="68" type="stmt" count="1"/>
        <line num="70" type="stmt" count="1"/>
        <line num="72" type="stmt" count="1"/>
        <line num="74" type="stmt" count="1"/>
        <line num="77" type="method" name="syncRelationParticipants" visibility="public" complexity="4" crap="4" count="3"/>
        <line num="79" type="stmt" count="3"/>
        <line num="81" type="stmt" count="3"/>
        <line num="82" type="stmt" count="3"/>
        <line num="84" type="stmt" count="3"/>
        <line num="85" type="stmt" count="3"/>
        <line num="88" type="stmt" count="3"/>
        <line num="91" type="stmt" count="3"/>
        <line num="92" type="stmt" count="3"/>
        <metrics loc="97" ncloc="97" classes="1" methods="7" coveredmethods="6" conditionals="0" coveredconditionals="0" statements="44" coveredstatements="39" elements="51" coveredelements="45"/>
      </file>
      <file name="/srv/another/vacation_plan/app/Repositories/UserRepository.php">
        <class name="App\Repositories\UserRepository" namespace="App\Repositories">
          <metrics complexity="1" methods="1" coveredmethods="1" conditionals="0" coveredconditionals="0" statements="2" coveredstatements="2" elements="3" coveredelements="3"/>
        </class>
        <line num="12" type="method" name="findByEmail" visibility="public" complexity="1" crap="1" count="1"/>
        <line num="14" type="stmt" count="1"/>
        <line num="15" type="stmt" count="1"/>
        <metrics loc="18" ncloc="18" classes="1" methods="1" coveredmethods="1" conditionals="0" coveredconditionals="0" statements="2" coveredstatements="2" elements="3" coveredelements="3"/>
      </file>
    </package>
    <package name="App\Services">
      <file name="/srv/another/vacation_plan/app/Services/HolidayPlanService.php">
        <class name="App\Services\HolidayPlanService" namespace="App\Services">
          <metrics complexity="8" methods="6" coveredmethods="6" conditionals="0" coveredconditionals="0" statements="26" coveredstatements="26" elements="32" coveredelements="32"/>
        </class>
        <line num="13" type="method" name="__construct" visibility="public" complexity="1" crap="1" count="16"/>
        <line num="15" type="stmt" count="16"/>
        <line num="18" type="method" name="searchAndPaginate" visibility="public" complexity="1" crap="1" count="3"/>
        <line num="20" type="stmt" count="3"/>
        <line num="22" type="method" name="getVerboseById" visibility="public" complexity="2" crap="2" count="4"/>
        <line num="25" type="stmt" count="4"/>
        <line num="27" type="stmt" count="4"/>
        <line num="28" type="stmt" count="2"/>
        <line num="31" type="stmt" count="2"/>
        <line num="33" type="method" name="delete" visibility="public" complexity="2" crap="2" count="4"/>
        <line num="36" type="stmt" count="4"/>
        <line num="38" type="stmt" count="4"/>
        <line num="39" type="stmt" count="2"/>
        <line num="42" type="stmt" count="2"/>
        <line num="45" type="method" name="store" visibility="public" complexity="1" crap="1" count="2"/>
        <line num="47" type="stmt" count="2"/>
        <line num="49" type="stmt" count="2"/>
        <line num="51" type="stmt" count="2"/>
        <line num="52" type="stmt" count="2"/>
        <line num="53" type="stmt" count="2"/>
        <line num="54" type="stmt" count="2"/>
        <line num="55" type="stmt" count="2"/>
        <line num="57" type="stmt" count="2"/>
        <line num="59" type="method" name="update" visibility="public" complexity="1" crap="1" count="1"/>
        <line num="61" type="stmt" count="1"/>
        <line num="63" type="stmt" count="1"/>
        <line num="65" type="stmt" count="1"/>
        <line num="66" type="stmt" count="1"/>
        <line num="67" type="stmt" count="1"/>
        <line num="68" type="stmt" count="1"/>
        <line num="69" type="stmt" count="1"/>
        <line num="71" type="stmt" count="1"/>
        <metrics loc="75" ncloc="75" classes="1" methods="6" coveredmethods="6" conditionals="0" coveredconditionals="0" statements="26" coveredstatements="26" elements="32" coveredelements="32"/>
      </file>
      <file name="/srv/another/vacation_plan/app/Services/LoginService.php">
        <class name="App\Services\LoginService" namespace="App\Services">
          <metrics complexity="3" methods="2" coveredmethods="2" conditionals="0" coveredconditionals="0" statements="12" coveredstatements="12" elements="14" coveredelements="14"/>
        </class>
        <line num="10" type="method" name="__construct" visibility="public" complexity="1" crap="1" count="2"/>
        <line num="12" type="stmt" count="2"/>
        <line num="15" type="method" name="doLogin" visibility="public" complexity="2" crap="2" count="2"/>
        <line num="17" type="stmt" count="2"/>
        <line num="18" type="stmt" count="1"/>
        <line num="19" type="stmt" count="1"/>
        <line num="20" type="stmt" count="1"/>
        <line num="21" type="stmt" count="1"/>
        <line num="24" type="stmt" count="1"/>
        <line num="26" type="stmt" count="1"/>
        <line num="27" type="stmt" count="1"/>
        <line num="28" type="stmt" count="1"/>
        <line num="29" type="stmt" count="1"/>
        <line num="30" type="stmt" count="1"/>
        <metrics loc="35" ncloc="35" classes="1" methods="2" coveredmethods="2" conditionals="0" coveredconditionals="0" statements="12" coveredstatements="12" elements="14" coveredelements="14"/>
      </file>
    </package>
    <package name="App\Traits">
      <file name="/srv/another/vacation_plan/app/Traits/HasUuid.php">
        <class name="App\Traits\HasUuid" namespace="App\Traits">
          <metrics complexity="4" methods="3" coveredmethods="3" conditionals="0" coveredconditionals="0" statements="7" coveredstatements="7" elements="10" coveredelements="10"/>
        </class>
        <line num="10" type="method" name="boot" visibility="protected" complexity="2" crap="2" count="18"/>
        <line num="12" type="stmt" count="18"/>
        <line num="13" type="stmt" count="18"/>
        <line num="14" type="stmt" count="18"/>
        <line num="15" type="stmt" count="18"/>
        <line num="17" type="stmt" count="18"/>
        <line num="20" type="method" name="getIncrementing" visibility="public" complexity="1" crap="1" count="18"/>
        <line num="22" type="stmt" count="18"/>
        <line num="25" type="method" name="getKeyType" visibility="public" complexity="1" crap="1" count="9"/>
        <line num="27" type="stmt" count="9"/>
        <metrics loc="30" ncloc="30" classes="1" methods="3" coveredmethods="3" conditionals="0" coveredconditionals="0" statements="7" coveredstatements="7" elements="10" coveredelements="10"/>
      </file>
    </package>
    <metrics files="21" loc="1054" ncloc="757" classes="16" methods="48" coveredmethods="43" conditionals="0" coveredconditionals="0" statements="214" coveredstatements="188" elements="262" coveredelements="231"/>
  </project>
</coverage>
